<?xml version="1.0" encoding="UTF-8"?>
<testsuite xmlns:xsi="http://www.w3.org/2001/XMLSchema-instance" xsi:noNamespaceSchemaLocation="https://maven.apache.org/surefire/maven-surefire-plugin/xsd/surefire-test-report.xsd" name="com.example.rollpay.RollpayApplicationTests" time="3.051" tests="1" errors="0" skipped="0" failures="0">
  <properties>
    <property name="sun.desktop" value="windows"/>
    <property name="awt.toolkit" value="sun.awt.windows.WToolkit"/>
    <property name="file.encoding.pkg" value="sun.io"/>
    <property name="java.specification.version" value="1.8"/>
    <property name="sun.cpu.isalist" value="amd64"/>
    <property name="sun.jnu.encoding" value="GBK"/>
    <property name="java.class.path" value="D:\daima\java\rollpay\target\test-classes;D:\daima\java\rollpay\target\classes;D:\software\apache-maven-3.6.1\mvn_repo\org\springframework\boot\spring-boot-starter-web\2.7.16\spring-boot-starter-web-2.7.16.jar;D:\software\apache-maven-3.6.1\mvn_repo\org\springframework\boot\spring-boot-starter\2.7.16\spring-boot-starter-2.7.16.jar;D:\software\apache-maven-3.6.1\mvn_repo\org\springframework\boot\spring-boot\2.7.16\spring-boot-2.7.16.jar;D:\software\apache-maven-3.6.1\mvn_repo\org\springframework\boot\spring-boot-autoconfigure\2.7.16\spring-boot-autoconfigure-2.7.16.jar;D:\software\apache-maven-3.6.1\mvn_repo\org\springframework\boot\spring-boot-starter-logging\2.7.16\spring-boot-starter-logging-2.7.16.jar;D:\software\apache-maven-3.6.1\mvn_repo\ch\qos\logback\logback-classic\1.2.12\logback-classic-1.2.12.jar;D:\software\apache-maven-3.6.1\mvn_repo\ch\qos\logback\logback-core\1.2.12\logback-core-1.2.12.jar;D:\software\apache-maven-3.6.1\mvn_repo\org\apache\logging\log4j\log4j-to-slf4j\2.17.2\log4j-to-slf4j-2.17.2.jar;D:\software\apache-maven-3.6.1\mvn_repo\org\apache\logging\log4j\log4j-api\2.17.2\log4j-api-2.17.2.jar;D:\software\apache-maven-3.6.1\mvn_repo\org\slf4j\jul-to-slf4j\1.7.36\jul-to-slf4j-1.7.36.jar;D:\software\apache-maven-3.6.1\mvn_repo\jakarta\annotation\jakarta.annotation-api\1.3.5\jakarta.annotation-api-1.3.5.jar;D:\software\apache-maven-3.6.1\mvn_repo\org\yaml\snakeyaml\1.30\snakeyaml-1.30.jar;D:\software\apache-maven-3.6.1\mvn_repo\org\springframework\boot\spring-boot-starter-json\2.7.16\spring-boot-starter-json-2.7.16.jar;D:\software\apache-maven-3.6.1\mvn_repo\com\fasterxml\jackson\datatype\jackson-datatype-jdk8\2.13.5\jackson-datatype-jdk8-2.13.5.jar;D:\software\apache-maven-3.6.1\mvn_repo\com\fasterxml\jackson\datatype\jackson-datatype-jsr310\2.13.5\jackson-datatype-jsr310-2.13.5.jar;D:\software\apache-maven-3.6.1\mvn_repo\com\fasterxml\jackson\module\jackson-module-parameter-names\2.13.5\jackson-module-parameter-names-2.13.5.jar;D:\software\apache-maven-3.6.1\mvn_repo\org\springframework\boot\spring-boot-starter-tomcat\2.7.16\spring-boot-starter-tomcat-2.7.16.jar;D:\software\apache-maven-3.6.1\mvn_repo\org\apache\tomcat\embed\tomcat-embed-core\9.0.80\tomcat-embed-core-9.0.80.jar;D:\software\apache-maven-3.6.1\mvn_repo\org\apache\tomcat\embed\tomcat-embed-el\9.0.80\tomcat-embed-el-9.0.80.jar;D:\software\apache-maven-3.6.1\mvn_repo\org\apache\tomcat\embed\tomcat-embed-websocket\9.0.80\tomcat-embed-websocket-9.0.80.jar;D:\software\apache-maven-3.6.1\mvn_repo\org\springframework\spring-web\5.3.30\spring-web-5.3.30.jar;D:\software\apache-maven-3.6.1\mvn_repo\org\springframework\spring-beans\5.3.30\spring-beans-5.3.30.jar;D:\software\apache-maven-3.6.1\mvn_repo\org\springframework\spring-webmvc\5.3.30\spring-webmvc-5.3.30.jar;D:\software\apache-maven-3.6.1\mvn_repo\org\springframework\spring-aop\5.3.30\spring-aop-5.3.30.jar;D:\software\apache-maven-3.6.1\mvn_repo\org\springframework\spring-context\5.3.30\spring-context-5.3.30.jar;D:\software\apache-maven-3.6.1\mvn_repo\org\springframework\spring-expression\5.3.30\spring-expression-5.3.30.jar;D:\software\apache-maven-3.6.1\mvn_repo\org\mybatis\spring\boot\mybatis-spring-boot-starter\2.3.1\mybatis-spring-boot-starter-2.3.1.jar;D:\software\apache-maven-3.6.1\mvn_repo\org\springframework\boot\spring-boot-starter-jdbc\2.7.16\spring-boot-starter-jdbc-2.7.16.jar;D:\software\apache-maven-3.6.1\mvn_repo\com\zaxxer\HikariCP\4.0.3\HikariCP-4.0.3.jar;D:\software\apache-maven-3.6.1\mvn_repo\org\springframework\spring-jdbc\5.3.30\spring-jdbc-5.3.30.jar;D:\software\apache-maven-3.6.1\mvn_repo\org\mybatis\spring\boot\mybatis-spring-boot-autoconfigure\2.3.1\mybatis-spring-boot-autoconfigure-2.3.1.jar;D:\software\apache-maven-3.6.1\mvn_repo\org\mybatis\mybatis\3.5.13\mybatis-3.5.13.jar;D:\software\apache-maven-3.6.1\mvn_repo\org\mybatis\mybatis-spring\2.1.1\mybatis-spring-2.1.1.jar;D:\software\apache-maven-3.6.1\mvn_repo\com\mysql\mysql-connector-j\8.0.33\mysql-connector-j-8.0.33.jar;D:\software\apache-maven-3.6.1\mvn_repo\org\projectlombok\lombok\1.18.30\lombok-1.18.30.jar;D:\software\apache-maven-3.6.1\mvn_repo\org\springframework\boot\spring-boot-starter-test\2.7.16\spring-boot-starter-test-2.7.16.jar;D:\software\apache-maven-3.6.1\mvn_repo\org\springframework\boot\spring-boot-test\2.7.16\spring-boot-test-2.7.16.jar;D:\software\apache-maven-3.6.1\mvn_repo\org\springframework\boot\spring-boot-test-autoconfigure\2.7.16\spring-boot-test-autoconfigure-2.7.16.jar;D:\software\apache-maven-3.6.1\mvn_repo\com\jayway\jsonpath\json-path\2.7.0\json-path-2.7.0.jar;D:\software\apache-maven-3.6.1\mvn_repo\net\minidev\json-smart\2.4.11\json-smart-2.4.11.jar;D:\software\apache-maven-3.6.1\mvn_repo\net\minidev\accessors-smart\2.4.11\accessors-smart-2.4.11.jar;D:\software\apache-maven-3.6.1\mvn_repo\org\ow2\asm\asm\9.3\asm-9.3.jar;D:\software\apache-maven-3.6.1\mvn_repo\org\slf4j\slf4j-api\1.7.36\slf4j-api-1.7.36.jar;D:\software\apache-maven-3.6.1\mvn_repo\jakarta\xml\bind\jakarta.xml.bind-api\2.3.3\jakarta.xml.bind-api-2.3.3.jar;D:\software\apache-maven-3.6.1\mvn_repo\jakarta\activation\jakarta.activation-api\1.2.2\jakarta.activation-api-1.2.2.jar;D:\software\apache-maven-3.6.1\mvn_repo\org\assertj\assertj-core\3.22.0\assertj-core-3.22.0.jar;D:\software\apache-maven-3.6.1\mvn_repo\org\hamcrest\hamcrest\2.2\hamcrest-2.2.jar;D:\software\apache-maven-3.6.1\mvn_repo\org\junit\jupiter\junit-jupiter\5.8.2\junit-jupiter-5.8.2.jar;D:\software\apache-maven-3.6.1\mvn_repo\org\junit\jupiter\junit-jupiter-api\5.8.2\junit-jupiter-api-5.8.2.jar;D:\software\apache-maven-3.6.1\mvn_repo\org\opentest4j\opentest4j\1.2.0\opentest4j-1.2.0.jar;D:\software\apache-maven-3.6.1\mvn_repo\org\junit\platform\junit-platform-commons\1.8.2\junit-platform-commons-1.8.2.jar;D:\software\apache-maven-3.6.1\mvn_repo\org\apiguardian\apiguardian-api\1.1.2\apiguardian-api-1.1.2.jar;D:\software\apache-maven-3.6.1\mvn_repo\org\junit\jupiter\junit-jupiter-params\5.8.2\junit-jupiter-params-5.8.2.jar;D:\software\apache-maven-3.6.1\mvn_repo\org\junit\jupiter\junit-jupiter-engine\5.8.2\junit-jupiter-engine-5.8.2.jar;D:\software\apache-maven-3.6.1\mvn_repo\org\junit\platform\junit-platform-engine\1.8.2\junit-platform-engine-1.8.2.jar;D:\software\apache-maven-3.6.1\mvn_repo\org\mockito\mockito-core\4.5.1\mockito-core-4.5.1.jar;D:\software\apache-maven-3.6.1\mvn_repo\net\bytebuddy\byte-buddy\1.12.23\byte-buddy-1.12.23.jar;D:\software\apache-maven-3.6.1\mvn_repo\net\bytebuddy\byte-buddy-agent\1.12.23\byte-buddy-agent-1.12.23.jar;D:\software\apache-maven-3.6.1\mvn_repo\org\objenesis\objenesis\3.2\objenesis-3.2.jar;D:\software\apache-maven-3.6.1\mvn_repo\org\mockito\mockito-junit-jupiter\4.5.1\mockito-junit-jupiter-4.5.1.jar;D:\software\apache-maven-3.6.1\mvn_repo\org\skyscreamer\jsonassert\1.5.1\jsonassert-1.5.1.jar;D:\software\apache-maven-3.6.1\mvn_repo\com\vaadin\external\google\android-json\0.0.20131108.vaadin1\android-json-0.0.20131108.vaadin1.jar;D:\software\apache-maven-3.6.1\mvn_repo\org\springframework\spring-core\5.3.30\spring-core-5.3.30.jar;D:\software\apache-maven-3.6.1\mvn_repo\org\springframework\spring-jcl\5.3.30\spring-jcl-5.3.30.jar;D:\software\apache-maven-3.6.1\mvn_repo\org\springframework\spring-test\5.3.30\spring-test-5.3.30.jar;D:\software\apache-maven-3.6.1\mvn_repo\org\xmlunit\xmlunit-core\2.9.1\xmlunit-core-2.9.1.jar;D:\software\apache-maven-3.6.1\mvn_repo\org\mybatis\spring\boot\mybatis-spring-boot-starter-test\2.3.1\mybatis-spring-boot-starter-test-2.3.1.jar;D:\software\apache-maven-3.6.1\mvn_repo\org\mybatis\spring\boot\mybatis-spring-boot-test-autoconfigure\2.3.1\mybatis-spring-boot-test-autoconfigure-2.3.1.jar;D:\software\apache-maven-3.6.1\mvn_repo\org\springframework\spring-tx\5.3.30\spring-tx-5.3.30.jar;D:\software\apache-maven-3.6.1\mvn_repo\io\jsonwebtoken\jjwt\0.9.1\jjwt-0.9.1.jar;D:\software\apache-maven-3.6.1\mvn_repo\com\fasterxml\jackson\core\jackson-databind\2.13.5\jackson-databind-2.13.5.jar;D:\software\apache-maven-3.6.1\mvn_repo\com\fasterxml\jackson\core\jackson-annotations\2.13.5\jackson-annotations-2.13.5.jar;D:\software\apache-maven-3.6.1\mvn_repo\com\fasterxml\jackson\core\jackson-core\2.13.5\jackson-core-2.13.5.jar;D:\software\apache-maven-3.6.1\mvn_repo\javax\xml\bind\jaxb-api\2.3.1\jaxb-api-2.3.1.jar;D:\software\apache-maven-3.6.1\mvn_repo\javax\activation\javax.activation-api\1.2.0\javax.activation-api-1.2.0.jar;D:\software\apache-maven-3.6.1\mvn_repo\com\github\pagehelper\pagehelper-spring-boot-starter\1.4.2\pagehelper-spring-boot-starter-1.4.2.jar;D:\software\apache-maven-3.6.1\mvn_repo\com\github\pagehelper\pagehelper-spring-boot-autoconfigure\1.4.2\pagehelper-spring-boot-autoconfigure-1.4.2.jar;D:\software\apache-maven-3.6.1\mvn_repo\com\github\pagehelper\pagehelper\5.3.0\pagehelper-5.3.0.jar;D:\software\apache-maven-3.6.1\mvn_repo\com\github\jsqlparser\jsqlparser\4.2\jsqlparser-4.2.jar;"/>
    <property name="java.vm.vendor" value="Oracle Corporation"/>
    <property name="sun.arch.data.model" value="64"/>
    <property name="user.variant" value=""/>
    <property name="java.vendor.url" value="http://java.oracle.com/"/>
    <property name="user.timezone" value="Asia/Shanghai"/>
    <property name="java.vm.specification.version" value="1.8"/>
    <property name="os.name" value="Windows 11"/>
    <property name="user.country" value="CN"/>
    <property name="sun.java.launcher" value="SUN_STANDARD"/>
    <property name="sun.boot.library.path" value="D:\Java\jdk1.8.0_331\jre\bin"/>
    <property name="sun.java.command" value="D:\Temp\surefire5803925074863062208\surefirebooter3525403557266163127.jar D:\Temp\surefire5803925074863062208 2023-09-28T13-46-34_260-jvmRun1 surefire3127294658755956463tmp surefire_04889452122447463562tmp"/>
    <property name="surefire.test.class.path" value="D:\daima\java\rollpay\target\test-classes;D:\daima\java\rollpay\target\classes;D:\software\apache-maven-3.6.1\mvn_repo\org\springframework\boot\spring-boot-starter-web\2.7.16\spring-boot-starter-web-2.7.16.jar;D:\software\apache-maven-3.6.1\mvn_repo\org\springframework\boot\spring-boot-starter\2.7.16\spring-boot-starter-2.7.16.jar;D:\software\apache-maven-3.6.1\mvn_repo\org\springframework\boot\spring-boot\2.7.16\spring-boot-2.7.16.jar;D:\software\apache-maven-3.6.1\mvn_repo\org\springframework\boot\spring-boot-autoconfigure\2.7.16\spring-boot-autoconfigure-2.7.16.jar;D:\software\apache-maven-3.6.1\mvn_repo\org\springframework\boot\spring-boot-starter-logging\2.7.16\spring-boot-starter-logging-2.7.16.jar;D:\software\apache-maven-3.6.1\mvn_repo\ch\qos\logback\logback-classic\1.2.12\logback-classic-1.2.12.jar;D:\software\apache-maven-3.6.1\mvn_repo\ch\qos\logback\logback-core\1.2.12\logback-core-1.2.12.jar;D:\software\apache-maven-3.6.1\mvn_repo\org\apache\logging\log4j\log4j-to-slf4j\2.17.2\log4j-to-slf4j-2.17.2.jar;D:\software\apache-maven-3.6.1\mvn_repo\org\apache\logging\log4j\log4j-api\2.17.2\log4j-api-2.17.2.jar;D:\software\apache-maven-3.6.1\mvn_repo\org\slf4j\jul-to-slf4j\1.7.36\jul-to-slf4j-1.7.36.jar;D:\software\apache-maven-3.6.1\mvn_repo\jakarta\annotation\jakarta.annotation-api\1.3.5\jakarta.annotation-api-1.3.5.jar;D:\software\apache-maven-3.6.1\mvn_repo\org\yaml\snakeyaml\1.30\snakeyaml-1.30.jar;D:\software\apache-maven-3.6.1\mvn_repo\org\springframework\boot\spring-boot-starter-json\2.7.16\spring-boot-starter-json-2.7.16.jar;D:\software\apache-maven-3.6.1\mvn_repo\com\fasterxml\jackson\datatype\jackson-datatype-jdk8\2.13.5\jackson-datatype-jdk8-2.13.5.jar;D:\software\apache-maven-3.6.1\mvn_repo\com\fasterxml\jackson\datatype\jackson-datatype-jsr310\2.13.5\jackson-datatype-jsr310-2.13.5.jar;D:\software\apache-maven-3.6.1\mvn_repo\com\fasterxml\jackson\module\jackson-module-parameter-names\2.13.5\jackson-module-parameter-names-2.13.5.jar;D:\software\apache-maven-3.6.1\mvn_repo\org\springframework\boot\spring-boot-starter-tomcat\2.7.16\spring-boot-starter-tomcat-2.7.16.jar;D:\software\apache-maven-3.6.1\mvn_repo\org\apache\tomcat\embed\tomcat-embed-core\9.0.80\tomcat-embed-core-9.0.80.jar;D:\software\apache-maven-3.6.1\mvn_repo\org\apache\tomcat\embed\tomcat-embed-el\9.0.80\tomcat-embed-el-9.0.80.jar;D:\software\apache-maven-3.6.1\mvn_repo\org\apache\tomcat\embed\tomcat-embed-websocket\9.0.80\tomcat-embed-websocket-9.0.80.jar;D:\software\apache-maven-3.6.1\mvn_repo\org\springframework\spring-web\5.3.30\spring-web-5.3.30.jar;D:\software\apache-maven-3.6.1\mvn_repo\org\springframework\spring-beans\5.3.30\spring-beans-5.3.30.jar;D:\software\apache-maven-3.6.1\mvn_repo\org\springframework\spring-webmvc\5.3.30\spring-webmvc-5.3.30.jar;D:\software\apache-maven-3.6.1\mvn_repo\org\springframework\spring-aop\5.3.30\spring-aop-5.3.30.jar;D:\software\apache-maven-3.6.1\mvn_repo\org\springframework\spring-context\5.3.30\spring-context-5.3.30.jar;D:\software\apache-maven-3.6.1\mvn_repo\org\springframework\spring-expression\5.3.30\spring-expression-5.3.30.jar;D:\software\apache-maven-3.6.1\mvn_repo\org\mybatis\spring\boot\mybatis-spring-boot-starter\2.3.1\mybatis-spring-boot-starter-2.3.1.jar;D:\software\apache-maven-3.6.1\mvn_repo\org\springframework\boot\spring-boot-starter-jdbc\2.7.16\spring-boot-starter-jdbc-2.7.16.jar;D:\software\apache-maven-3.6.1\mvn_repo\com\zaxxer\HikariCP\4.0.3\HikariCP-4.0.3.jar;D:\software\apache-maven-3.6.1\mvn_repo\org\springframework\spring-jdbc\5.3.30\spring-jdbc-5.3.30.jar;D:\software\apache-maven-3.6.1\mvn_repo\org\mybatis\spring\boot\mybatis-spring-boot-autoconfigure\2.3.1\mybatis-spring-boot-autoconfigure-2.3.1.jar;D:\software\apache-maven-3.6.1\mvn_repo\org\mybatis\mybatis\3.5.13\mybatis-3.5.13.jar;D:\software\apache-maven-3.6.1\mvn_repo\org\mybatis\mybatis-spring\2.1.1\mybatis-spring-2.1.1.jar;D:\software\apache-maven-3.6.1\mvn_repo\com\mysql\mysql-connector-j\8.0.33\mysql-connector-j-8.0.33.jar;D:\software\apache-maven-3.6.1\mvn_repo\org\projectlombok\lombok\1.18.30\lombok-1.18.30.jar;D:\software\apache-maven-3.6.1\mvn_repo\org\springframework\boot\spring-boot-starter-test\2.7.16\spring-boot-starter-test-2.7.16.jar;D:\software\apache-maven-3.6.1\mvn_repo\org\springframework\boot\spring-boot-test\2.7.16\spring-boot-test-2.7.16.jar;D:\software\apache-maven-3.6.1\mvn_repo\org\springframework\boot\spring-boot-test-autoconfigure\2.7.16\spring-boot-test-autoconfigure-2.7.16.jar;D:\software\apache-maven-3.6.1\mvn_repo\com\jayway\jsonpath\json-path\2.7.0\json-path-2.7.0.jar;D:\software\apache-maven-3.6.1\mvn_repo\net\minidev\json-smart\2.4.11\json-smart-2.4.11.jar;D:\software\apache-maven-3.6.1\mvn_repo\net\minidev\accessors-smart\2.4.11\accessors-smart-2.4.11.jar;D:\software\apache-maven-3.6.1\mvn_repo\org\ow2\asm\asm\9.3\asm-9.3.jar;D:\software\apache-maven-3.6.1\mvn_repo\org\slf4j\slf4j-api\1.7.36\slf4j-api-1.7.36.jar;D:\software\apache-maven-3.6.1\mvn_repo\jakarta\xml\bind\jakarta.xml.bind-api\2.3.3\jakarta.xml.bind-api-2.3.3.jar;D:\software\apache-maven-3.6.1\mvn_repo\jakarta\activation\jakarta.activation-api\1.2.2\jakarta.activation-api-1.2.2.jar;D:\software\apache-maven-3.6.1\mvn_repo\org\assertj\assertj-core\3.22.0\assertj-core-3.22.0.jar;D:\software\apache-maven-3.6.1\mvn_repo\org\hamcrest\hamcrest\2.2\hamcrest-2.2.jar;D:\software\apache-maven-3.6.1\mvn_repo\org\junit\jupiter\junit-jupiter\5.8.2\junit-jupiter-5.8.2.jar;D:\software\apache-maven-3.6.1\mvn_repo\org\junit\jupiter\junit-jupiter-api\5.8.2\junit-jupiter-api-5.8.2.jar;D:\software\apache-maven-3.6.1\mvn_repo\org\opentest4j\opentest4j\1.2.0\opentest4j-1.2.0.jar;D:\software\apache-maven-3.6.1\mvn_repo\org\junit\platform\junit-platform-commons\1.8.2\junit-platform-commons-1.8.2.jar;D:\software\apache-maven-3.6.1\mvn_repo\org\apiguardian\apiguardian-api\1.1.2\apiguardian-api-1.1.2.jar;D:\software\apache-maven-3.6.1\mvn_repo\org\junit\jupiter\junit-jupiter-params\5.8.2\junit-jupiter-params-5.8.2.jar;D:\software\apache-maven-3.6.1\mvn_repo\org\junit\jupiter\junit-jupiter-engine\5.8.2\junit-jupiter-engine-5.8.2.jar;D:\software\apache-maven-3.6.1\mvn_repo\org\junit\platform\junit-platform-engine\1.8.2\junit-platform-engine-1.8.2.jar;D:\software\apache-maven-3.6.1\mvn_repo\org\mockito\mockito-core\4.5.1\mockito-core-4.5.1.jar;D:\software\apache-maven-3.6.1\mvn_repo\net\bytebuddy\byte-buddy\1.12.23\byte-buddy-1.12.23.jar;D:\software\apache-maven-3.6.1\mvn_repo\net\bytebuddy\byte-buddy-agent\1.12.23\byte-buddy-agent-1.12.23.jar;D:\software\apache-maven-3.6.1\mvn_repo\org\objenesis\objenesis\3.2\objenesis-3.2.jar;D:\software\apache-maven-3.6.1\mvn_repo\org\mockito\mockito-junit-jupiter\4.5.1\mockito-junit-jupiter-4.5.1.jar;D:\software\apache-maven-3.6.1\mvn_repo\org\skyscreamer\jsonassert\1.5.1\jsonassert-1.5.1.jar;D:\software\apache-maven-3.6.1\mvn_repo\com\vaadin\external\google\android-json\0.0.20131108.vaadin1\android-json-0.0.20131108.vaadin1.jar;D:\software\apache-maven-3.6.1\mvn_repo\org\springframework\spring-core\5.3.30\spring-core-5.3.30.jar;D:\software\apache-maven-3.6.1\mvn_repo\org\springframework\spring-jcl\5.3.30\spring-jcl-5.3.30.jar;D:\software\apache-maven-3.6.1\mvn_repo\org\springframework\spring-test\5.3.30\spring-test-5.3.30.jar;D:\software\apache-maven-3.6.1\mvn_repo\org\xmlunit\xmlunit-core\2.9.1\xmlunit-core-2.9.1.jar;D:\software\apache-maven-3.6.1\mvn_repo\org\mybatis\spring\boot\mybatis-spring-boot-starter-test\2.3.1\mybatis-spring-boot-starter-test-2.3.1.jar;D:\software\apache-maven-3.6.1\mvn_repo\org\mybatis\spring\boot\mybatis-spring-boot-test-autoconfigure\2.3.1\mybatis-spring-boot-test-autoconfigure-2.3.1.jar;D:\software\apache-maven-3.6.1\mvn_repo\org\springframework\spring-tx\5.3.30\spring-tx-5.3.30.jar;D:\software\apache-maven-3.6.1\mvn_repo\io\jsonwebtoken\jjwt\0.9.1\jjwt-0.9.1.jar;D:\software\apache-maven-3.6.1\mvn_repo\com\fasterxml\jackson\core\jackson-databind\2.13.5\jackson-databind-2.13.5.jar;D:\software\apache-maven-3.6.1\mvn_repo\com\fasterxml\jackson\core\jackson-annotations\2.13.5\jackson-annotations-2.13.5.jar;D:\software\apache-maven-3.6.1\mvn_repo\com\fasterxml\jackson\core\jackson-core\2.13.5\jackson-core-2.13.5.jar;D:\software\apache-maven-3.6.1\mvn_repo\javax\xml\bind\jaxb-api\2.3.1\jaxb-api-2.3.1.jar;D:\software\apache-maven-3.6.1\mvn_repo\javax\activation\javax.activation-api\1.2.0\javax.activation-api-1.2.0.jar;D:\software\apache-maven-3.6.1\mvn_repo\com\github\pagehelper\pagehelper-spring-boot-starter\1.4.2\pagehelper-spring-boot-starter-1.4.2.jar;D:\software\apache-maven-3.6.1\mvn_repo\com\github\pagehelper\pagehelper-spring-boot-autoconfigure\1.4.2\pagehelper-spring-boot-autoconfigure-1.4.2.jar;D:\software\apache-maven-3.6.1\mvn_repo\com\github\pagehelper\pagehelper\5.3.0\pagehelper-5.3.0.jar;D:\software\apache-maven-3.6.1\mvn_repo\com\github\jsqlparser\jsqlparser\4.2\jsqlparser-4.2.jar;"/>
    <property name="sun.cpu.endian" value="little"/>
    <property name="user.home" value="C:\Users\郭浩男"/>
    <property name="user.language" value="zh"/>
    <property name="java.specification.vendor" value="Oracle Corporation"/>
    <property name="java.home" value="D:\Java\jdk1.8.0_331\jre"/>
    <property name="basedir" value="D:\daima\java\rollpay"/>
    <property name="file.separator" value="\"/>
    <property name="line.separator" value="&#10;"/>
    <property name="java.vm.specification.vendor" value="Oracle Corporation"/>
    <property name="java.specification.name" value="Java Platform API Specification"/>
    <property name="java.awt.graphicsenv" value="sun.awt.Win32GraphicsEnvironment"/>
    <property name="surefire.real.class.path" value="D:\Temp\surefire5803925074863062208\surefirebooter3525403557266163127.jar"/>
    <property name="sun.boot.class.path" value="D:\Java\jdk1.8.0_331\jre\lib\resources.jar;D:\Java\jdk1.8.0_331\jre\lib\rt.jar;D:\Java\jdk1.8.0_331\jre\lib\sunrsasign.jar;D:\Java\jdk1.8.0_331\jre\lib\jsse.jar;D:\Java\jdk1.8.0_331\jre\lib\jce.jar;D:\Java\jdk1.8.0_331\jre\lib\charsets.jar;D:\Java\jdk1.8.0_331\jre\lib\jfr.jar;D:\Java\jdk1.8.0_331\jre\classes"/>
    <property name="user.script" value=""/>
    <property name="sun.management.compiler" value="HotSpot 64-Bit Tiered Compilers"/>
    <property name="java.runtime.version" value="1.8.0_331-b09"/>
    <property name="user.name" value="郭浩男"/>
    <property name="path.separator" value=";"/>
    <property name="os.version" value="10.0"/>
    <property name="java.endorsed.dirs" value="D:\Java\jdk1.8.0_331\jre\lib\endorsed"/>
    <property name="java.runtime.name" value="Java(TM) SE Runtime Environment"/>
    <property name="file.encoding" value="GBK"/>
    <property name="java.vm.name" value="Java HotSpot(TM) 64-Bit Server VM"/>
    <property name="localRepository" value="D:\software\apache-maven-3.6.1\mvn_repo"/>
    <property name="java.vendor.url.bug" value="http://bugreport.sun.com/bugreport/"/>
    <property name="java.io.tmpdir" value="D:\Temp\"/>
    <property name="idea.version" value="2023.1.4"/>
    <property name="java.version" value="1.8.0_331"/>
    <property name="user.dir" value="D:\daima\java\rollpay"/>
    <property name="os.arch" value="amd64"/>
    <property name="java.vm.specification.name" value="Java Virtual Machine Specification"/>
    <property name="java.awt.printerjob" value="sun.awt.windows.WPrinterJob"/>
    <property name="sun.os.patch.level" value=""/>
    <property name="java.library.path" value="D:\Java\jdk1.8.0_331\jre\bin;C:\WINDOWS\Sun\Java\bin;C:\WINDOWS\system32;C:\WINDOWS;D:\Java\jdk-17.0.8\bin;D:\VMware\VMware Workstation\bin\;C:\WINDOWS\system32;C:\WINDOWS;C:\WINDOWS\System32\Wbem;C:\WINDOWS\System32\WindowsPowerShell\v1.0\;C:\WINDOWS\System32\OpenSSH\;C:\MinGW\bin;D:\LINGO12\;D:\Git\cmd;D:\CMake\bin;D:\Java\jdk\db\bin;D:\Java\db\bin;C:\Program Files\Google\Chrome\Application;D:\Microsoft VS Code\bin;D:\Xshell 7\;C:\Program Files (x86)\NetSarang\Xftp 7\;D:\Graphviz\bin;C:\WINDOWS\system32;C:\WINDOWS;C:\WINDOWS\System32\Wbem;C:\WINDOWS\System32\WindowsPowerShell\v1.0\;C:\WINDOWS\System32\OpenSSH\;C:\Program Files\MySQL\MySQL Server 5.7\bin;C:\Program Files\dotnet\;D:\CTEX\UserData\miktex\bin;D:\CTEX\MiKTeX\miktex\bin\x64;D:\CTEX\CTeX\ctex\bin;D:\CTEX\CTeX\cct\bin;D:\CTEX\CTeX\ty\bin;D:\CTEX\Ghostscript\gs10.01.1\bin;D:\CTEX\WinEdt;D:\Anaconda3\sqlmap-master;D:\WeChatDevTool\dll;D:\software\apache-maven-3.6.1\bin;C:\Program Files\Docker\Docker\resources\bin;D:\software\mysql-8.0.31-winx64\bin;D:\software\微信web开发者工具\dll;C:\ProgramData\chocolatey\bin;D:\nodejs\;D:\nodejs\node_global\node_modules;D:\nodejs\node_global\node_modules\yarn\bin;D:\Yarn\yarn_global\node_modules\.bin;D:\miniconda3;D:\miniconda3\Library\mingw-w64\bin;D:\miniconda3\Library\usr\bin;D:\miniconda3\Library\bin;D:\miniconda3\Scripts;C:\Users\郭浩男\AppData\Local\Microsoft\WindowsApps;D:\PyCharm\PyCharm Community Edition 2021.3.1\bin;;D:\CLion 2021.3.3\bin;;D:\IntelliJ IDEA Community Edition 2022.1\bin;;D:\JetBrains\WebStorm 2021.3.3\bin;;C:\Program Files (x86)\Tencent\QQGameTempest\Hall.57938\;D:\Microsoft VS Code\bin;C:\Program Files\Azure Data Studio\bin;C:\Users\郭浩男\.dotnet\tools;C:\Users\郭浩男\AppData\Local\Pandoc\;D:\nodejs\node_global;;."/>
    <property name="java.vm.info" value="mixed mode"/>
    <property name="java.vendor" value="Oracle Corporation"/>
    <property name="java.vm.version" value="25.331-b09"/>
    <property name="java.ext.dirs" value="D:\Java\jdk1.8.0_331\jre\lib\ext;C:\WINDOWS\Sun\Java\lib\ext"/>
    <property name="sun.io.unicode.encoding" value="UnicodeLittle"/>
    <property name="java.class.version" value="52.0"/>
  </properties>
  <testcase name="contextLoads" classname="com.example.rollpay.RollpayApplicationTests" time="0.222"/>
</testsuite>